<?xml version="1.0" encoding="utf-8"?><testsuites name="pytest tests"><testsuite name="pytest" errors="0" failures="0" skipped="0" tests="15" time="7.952" timestamp="2026-03-05T16:55:19.461610+00:00" hostname="agent-env-2e69cf95-fa20-49de-a687-1f99f102d053"><testcase classname="backend.tests.test_comprehensive.TestHealthAndBasic" name="test_health_check" time="0.219" /><testcase classname="backend.tests.test_comprehensive.TestHealthAndBasic" name="test_exchange_rate" time="0.308" /><testcase classname="backend.tests.test_comprehensive.TestAdminAuth" name="test_admin_login" time="0.339" /><testcase classname="backend.tests.test_comprehensive.TestAdminAuth" name="test_admin_get_stats" time="0.541" /><testcase classname="backend.tests.test_comprehensive.TestAdminAuth" name="test_admin_list_users" time="0.484" /><testcase classname="backend.tests.test_comprehensive.TestAdminAuth" name="test_admin_list_transactions" time="0.478" /><testcase classname="backend.tests.test_comprehensive.TestUserRegistration" name="test_register_new_user" time="0.355" /><testcase classname="backend.tests.test_comprehensive.TestUserRegistration" name="test_login_with_registered_user" time="0.686" /><testcase classname="backend.tests.test_comprehensive.TestUserWalletFeatures" name="test_get_wallet_balance" time="0.470" /><testcase classname="backend.tests.test_comprehensive.TestUserWalletFeatures" name="test_get_user_profile" time="0.465" /><testcase classname="backend.tests.test_comprehensive.TestUserWalletFeatures" name="test_get_user_transactions" time="0.483" /><testcase classname="backend.tests.test_comprehensive.TestUserWalletFeatures" name="test_get_kyc_status" time="0.501" /><testcase classname="backend.tests.test_comprehensive.TestSlidingSession" name="test_sliding_session_header" time="0.452" /><testcase classname="backend.tests.test_comprehensive.TestAdminUserEdit" name="test_admin_get_user_with_password_and_dob" time="0.971" /><testcase classname="backend.tests.test_comprehensive.TestAdminUserEdit" name="test_admin_update_user_password_and_dob" time="1.121" /></testsuite></testsuites>