<?xml version="1.0" encoding="utf-8"?><testsuites name="pytest tests"><testsuite name="pytest" errors="0" failures="0" skipped="0" tests="11" time="5.370" timestamp="2026-03-02T09:55:53.568026+00:00" hostname="agent-env-7d55239f-9a34-4deb-a74b-884030f1d362"><testcase classname="tests.test_email_notifications.TestEmailNotifications" name="test_swap_success_and_email_trigger" time="1.365" /><testcase classname="tests.test_email_notifications.TestEmailNotifications" name="test_swap_email_has_completed_status" time="0.260" /><testcase classname="tests.test_email_notifications.TestEmailNotifications" name="test_send_success_and_email_trigger" time="0.176" /><testcase classname="tests.test_email_notifications.TestEmailNotifications" name="test_send_email_has_processing_status" time="0.159" /><testcase classname="tests.test_email_notifications.TestEmailNotifications" name="test_withdraw_success_and_email_trigger" time="0.178" /><testcase classname="tests.test_email_notifications.TestEmailNotifications" name="test_withdraw_email_has_processing_status" time="0.178" /><testcase classname="tests.test_email_notifications.TestEmailNotifications" name="test_italian_language_email" time="0.802" /><testcase classname="tests.test_email_notifications.TestEmailNotifications" name="test_all_endpoints_still_function" time="0.760" /><testcase classname="tests.test_email_notifications.TestEmailNotifications" name="test_frozen_account_cannot_transact" time="1.385" /><testcase classname="tests.test_email_notifications.TestEmailServiceTemplate" name="test_email_service_status_parameter" time="0.013" /><testcase classname="tests.test_email_notifications.TestEmailServiceTemplate" name="test_email_italian_translation" time="0.000" /></testsuite></testsuites>