<?xml version="1.0" encoding="utf-8"?><testsuites name="pytest tests"><testsuite name="pytest" errors="0" failures="0" skipped="0" tests="14" time="5.934" timestamp="2026-04-02T10:51:26.578108+00:00" hostname="agent-env-932c716c-76c8-473b-9732-ed402fdee31c"><testcase classname="backend.tests.test_expiry_timer.TestExpiryTimerFeature" name="test_01_health_check" time="0.126" /><testcase classname="backend.tests.test_expiry_timer.TestExpiryTimerFeature" name="test_02_admin_login" time="0.399" /><testcase classname="backend.tests.test_expiry_timer.TestExpiryTimerFeature" name="test_03_admin_create_user_with_timer" time="0.620" /><testcase classname="backend.tests.test_expiry_timer.TestExpiryTimerFeature" name="test_04_get_user_returns_timer_fields" time="0.390" /><testcase classname="backend.tests.test_expiry_timer.TestExpiryTimerFeature" name="test_05_user_login_and_auth_me_returns_timer_fields" time="0.406" /><testcase classname="backend.tests.test_expiry_timer.TestExpiryTimerFeature" name="test_06_start_timer_no_timer_configured" time="0.945" /><testcase classname="backend.tests.test_expiry_timer.TestExpiryTimerFeature" name="test_07_start_timer_success" time="0.093" /><testcase classname="backend.tests.test_expiry_timer.TestExpiryTimerFeature" name="test_08_start_timer_already_started" time="0.123" /><testcase classname="backend.tests.test_expiry_timer.TestExpiryTimerFeature" name="test_09_auth_me_shows_timer_started" time="0.096" /><testcase classname="backend.tests.test_expiry_timer.TestExpiryTimerFeature" name="test_10_admin_update_user_timer_fields" time="0.444" /><testcase classname="backend.tests.test_expiry_timer.TestExpiryTimerFeature" name="test_11_request_fee_resolution_with_timer" time="1.060" /><testcase classname="backend.tests.test_expiry_timer.TestExpiryTimerFeature" name="test_12_admin_users_list_includes_timer_fields" time="0.376" /><testcase classname="backend.tests.test_expiry_timer.TestExpiryTimerFeature" name="test_13_disable_timer" time="0.423" /><testcase classname="backend.tests.test_expiry_timer.TestExpiryTimerFeature" name="test_99_cleanup" time="0.376" /></testsuite></testsuites>