<?xml version="1.0" encoding="utf-8"?><testsuites name="pytest tests"><testsuite name="pytest" errors="0" failures="1" skipped="0" tests="10" time="13.520" timestamp="2026-03-11T10:23:04.945431+00:00" hostname="agent-env-42bc16c5-0732-4c40-ba7c-4b6451351943"><testcase classname="backend.tests.test_kyc_video_upload.TestKYCUploadFile" name="test_upload_file_valid_image_id_front" time="1.693" /><testcase classname="backend.tests.test_kyc_video_upload.TestKYCUploadFile" name="test_upload_file_valid_video_selfie" time="0.577" /><testcase classname="backend.tests.test_kyc_video_upload.TestKYCUploadFile" name="test_upload_file_invalid_field" time="0.450" /><testcase classname="backend.tests.test_kyc_video_upload.TestKYCUploadFile" name="test_upload_file_empty_file" time="0.570" /><testcase classname="backend.tests.test_kyc_video_upload.TestKYCUploadFile" name="test_upload_file_unauthorized" time="0.115"><failure message="AssertionError: Expected 401 without auth, got 403&#10;assert 403 == 401&#10; +  where 403 = &lt;Response [403]&gt;.status_code">backend/tests/test_kyc_video_upload.py:191: in test_upload_file_unauthorized
    assert response.status_code == 401, f"Expected 401 without auth, got {response.status_code}"
E   AssertionError: Expected 401 without auth, got 403
E   assert 403 == 401
E    +  where 403 = &lt;Response [403]&gt;.status_code</failure></testcase><testcase classname="backend.tests.test_kyc_video_upload.TestKYCUploadFile" name="test_upload_file_address_proof" time="9.543" /><testcase classname="backend.tests.test_kyc_video_upload.TestKYCTranslations" name="test_i18n_english_keys_exist" time="0.000" /><testcase classname="backend.tests.test_kyc_video_upload.TestKYCTranslations" name="test_i18n_italian_keys_exist" time="0.000" /><testcase classname="backend.tests.test_kyc_video_upload.TestBackendHealthAndAuth" name="test_health_endpoint" time="0.157" /><testcase classname="backend.tests.test_kyc_video_upload.TestBackendHealthAndAuth" name="test_login_returns_token_in_data" time="0.331" /></testsuite></testsuites>