<?xml version="1.0" encoding="utf-8"?><testsuites name="pytest tests"><testsuite name="pytest" errors="0" failures="0" skipped="0" tests="11" time="8.686" timestamp="2026-03-06T08:49:57.919410+00:00" hostname="agent-env-2e69cf95-fa20-49de-a687-1f99f102d053"><testcase classname="tests.test_kyc_upload.TestKYCUploadEndpoints" name="test_upload_file_endpoint_id_front" time="1.232" /><testcase classname="tests.test_kyc_upload.TestKYCUploadEndpoints" name="test_upload_file_endpoint_id_back" time="0.665" /><testcase classname="tests.test_kyc_upload.TestKYCUploadEndpoints" name="test_upload_file_endpoint_selfie" time="0.409" /><testcase classname="tests.test_kyc_upload.TestKYCUploadEndpoints" name="test_upload_file_endpoint_address_proof" time="0.431" /><testcase classname="tests.test_kyc_upload.TestKYCUploadEndpoints" name="test_upload_file_invalid_field" time="0.102" /><testcase classname="tests.test_kyc_upload.TestKYCUploadEndpoints" name="test_upload_file_requires_auth" time="0.109" /><testcase classname="tests.test_kyc_upload.TestKYCUploadEndpoints" name="test_upload_image_json_endpoint" time="0.572" /><testcase classname="tests.test_kyc_upload.TestKYCUploadEndpoints" name="test_upload_image_json_invalid_field" time="0.102" /><testcase classname="tests.test_kyc_upload.TestKYCUploadEndpoints" name="test_submit_kyc_with_urls" time="2.583" /><testcase classname="tests.test_kyc_upload.TestKYCUploadEndpoints" name="test_kyc_status" time="0.111" /><testcase classname="tests.test_kyc_upload.TestKYCSubmitWithIdCard" name="test_id_card_requires_back" time="2.298" /></testsuite></testsuites>