<?xml version="1.0" encoding="utf-8"?><testsuites name="pytest tests"><testsuite name="pytest" errors="0" failures="0" skipped="0" tests="15" time="9.710" timestamp="2026-02-25T16:39:59.865864+00:00" hostname="agent-env-b7f2fc3f-f413-41f3-a4e6-e1d6b2136e7b"><testcase classname="backend.tests.test_part_a_b_features.TestHealthCheck" name="test_api_health" time="0.274" /><testcase classname="backend.tests.test_part_a_b_features.TestHealthCheck" name="test_api_root" time="0.169" /><testcase classname="backend.tests.test_part_a_b_features.TestAdminAuth" name="test_admin_login_success" time="0.417" /><testcase classname="backend.tests.test_part_a_b_features.TestBugA1_AdminCreateUser" name="test_admin_create_user_returns_ok_true" time="0.833" /><testcase classname="backend.tests.test_part_a_b_features.TestBugA2_TransactionHistoryGeneration" name="test_create_user_generates_transactions" time="0.692" /><testcase classname="backend.tests.test_part_a_b_features.TestBugA6_FeePaidPersistence" name="test_admin_create_transaction_with_fee_paid_true" time="1.114" /><testcase classname="backend.tests.test_part_a_b_features.TestFeatureB2_AvailableBalance" name="test_available_balance_endpoint" time="0.409" /><testcase classname="backend.tests.test_part_a_b_features.TestFeatureB3_ActionEligibility" name="test_action_eligibility_endpoint" time="0.454" /><testcase classname="backend.tests.test_part_a_b_features.TestFeatureB4_Notifications" name="test_notifications_endpoint" time="0.564" /><testcase classname="backend.tests.test_part_a_b_features.TestFeatureB4_Notifications" name="test_unread_count_endpoint" time="0.426" /><testcase classname="backend.tests.test_part_a_b_features.TestFeatureB5_SSEEndpoint" name="test_sse_endpoint_exists" time="0.524" /><testcase classname="backend.tests.test_part_a_b_features.TestFeatureB5_SSEEndpoint" name="test_sse_invalid_token_rejected" time="0.493" /><testcase classname="backend.tests.test_part_a_b_features.TestBugA4_KYCTokenAccess" name="test_kyc_access_endpoint_exists" time="0.518" /><testcase classname="backend.tests.test_part_a_b_features.TestFeatureB1_DatetimeLocalPicker" name="test_transaction_accepts_datetime_format" time="0.795" /><testcase classname="backend.tests.test_part_a_b_features.TestNotificationCreatedOnAdminTransaction" name="test_admin_transaction_creates_notification" time="1.941" /></testsuite></testsuites>