<?xml version="1.0" encoding="utf-8"?><testsuites name="pytest tests"><testsuite name="pytest" errors="0" failures="0" skipped="0" tests="32" time="10.123" timestamp="2026-02-24T16:03:33.031389+00:00" hostname="agent-env-c8fc1b4c-197c-4c56-8521-4879c099bcea"><testcase classname="backend.tests.test_blockchain_wallet.TestHealthCheck" name="test_api_health" time="0.279" /><testcase classname="backend.tests.test_blockchain_wallet.TestAuthentication" name="test_admin_login" time="0.352" /><testcase classname="backend.tests.test_blockchain_wallet.TestAuthentication" name="test_admin_login_invalid_credentials" time="0.470" /><testcase classname="backend.tests.test_blockchain_wallet.TestAuthentication" name="test_get_admin_profile" time="0.136" /><testcase classname="backend.tests.test_blockchain_wallet.TestAdminUsersPage" name="test_admin_list_users" time="0.164" /><testcase classname="backend.tests.test_blockchain_wallet.TestAdminUsersPage" name="test_admin_search_users" time="0.116" /><testcase classname="backend.tests.test_blockchain_wallet.TestAdminUsersPage" name="test_admin_filter_users_by_status" time="0.221" /><testcase classname="backend.tests.test_blockchain_wallet.TestAdminKYCQueue" name="test_admin_get_kyc_queue" time="0.130" /><testcase classname="backend.tests.test_blockchain_wallet.TestCreateFrozenUser" name="test_create_frozen_user" time="0.667" /><testcase classname="backend.tests.test_blockchain_wallet.TestCreateFrozenUser" name="test_frozen_user_login" time="0.349" /><testcase classname="backend.tests.test_blockchain_wallet.TestWalletFunctionality" name="test_get_wallet_balance" time="0.203" /><testcase classname="backend.tests.test_blockchain_wallet.TestWalletFunctionality" name="test_get_unpaid_fees" time="0.117" /><testcase classname="backend.tests.test_blockchain_wallet.TestWalletFunctionality" name="test_get_transactions" time="0.107" /><testcase classname="backend.tests.test_blockchain_wallet.TestRequestUnfreeze" name="test_request_unfreeze_email" time="0.402" /><testcase classname="backend.tests.test_blockchain_wallet.TestAdminStats" name="test_get_admin_stats" time="0.110" /><testcase classname="backend.tests.test_blockchain_wallet.TestAdminSendEmail" name="test_admin_send_kyc_email" time="0.323" /><testcase classname="backend.tests.test_blockchain_wallet.TestDisplayToggles" name="test_get_user_with_display_toggles" time="0.117" /><testcase classname="backend.tests.test_blockchain_wallet.TestDisplayToggles" name="test_toggle_show_fees_alert_off" time="0.298" /><testcase classname="backend.tests.test_blockchain_wallet.TestDisplayToggles" name="test_toggle_show_freeze_alert_off" time="0.330" /><testcase classname="backend.tests.test_blockchain_wallet.TestDisplayToggles" name="test_user_api_respects_display_toggles_off" time="0.127" /><testcase classname="backend.tests.test_blockchain_wallet.TestDisplayToggles" name="test_toggle_alerts_back_on" time="0.229" /><testcase classname="backend.tests.test_blockchain_wallet.TestTransactionCRUD" name="test_admin_list_transactions" time="0.123" /><testcase classname="backend.tests.test_blockchain_wallet.TestTransactionCRUD" name="test_admin_create_deposit_transaction" time="0.116" /><testcase classname="backend.tests.test_blockchain_wallet.TestTransactionCRUD" name="test_admin_create_withdrawal_transaction" time="0.172" /><testcase classname="backend.tests.test_blockchain_wallet.TestTransactionCRUD" name="test_admin_edit_transaction" time="0.276" /><testcase classname="backend.tests.test_blockchain_wallet.TestTransactionCRUD" name="test_admin_delete_transaction" time="0.286" /><testcase classname="backend.tests.test_blockchain_wallet.TestAutoUnfreezeOnDeposit" name="test_create_inactivity_frozen_user" time="0.712" /><testcase classname="backend.tests.test_blockchain_wallet.TestAutoUnfreezeOnDeposit" name="test_deposit_auto_unfreezes_inactivity_user" time="0.355" /><testcase classname="backend.tests.test_blockchain_wallet.TestKYCStatusChange" name="test_admin_change_kyc_status" time="0.779" /><testcase classname="backend.tests.test_blockchain_wallet.TestPasswordResetRequired" name="test_toggle_password_reset_required" time="0.561" /><testcase classname="backend.tests.test_blockchain_wallet.TestKYCApprovalEmail" name="test_kyc_approval_sends_reset_email" time="1.252" /><testcase classname="backend.tests.test_blockchain_wallet.TestEmailLogs" name="test_get_email_logs" time="0.132" /></testsuite></testsuites>