<?xml version="1.0" encoding="utf-8"?><testsuites name="pytest tests"><testsuite name="pytest" errors="0" failures="0" skipped="0" tests="15" time="11.783" timestamp="2026-03-06T14:06:15.489135+00:00" hostname="agent-env-2e69cf95-fa20-49de-a687-1f99f102d053"><testcase classname="backend.tests.test_session_features.TestHealthAndBasics" name="test_health_check" time="4.984" /><testcase classname="backend.tests.test_session_features.TestHealthAndBasics" name="test_root_endpoint" time="0.150" /><testcase classname="backend.tests.test_session_features.TestAuthentication" name="test_admin_login" time="0.389" /><testcase classname="backend.tests.test_session_features.TestAuthentication" name="test_user_registration" time="0.354" /><testcase classname="backend.tests.test_session_features.TestExchangeRate" name="test_exchange_rate" time="0.298" /><testcase classname="backend.tests.test_session_features.TestKYCUpload" name="test_kyc_upload_file_formdata" time="1.638" /><testcase classname="backend.tests.test_session_features.TestKYCUpload" name="test_kyc_upload_image_json_backward_compat" time="0.806" /><testcase classname="backend.tests.test_session_features.TestWithdrawalDefaults" name="test_withdrawal_defaults" time="0.491" /><testcase classname="backend.tests.test_session_features.TestAdminSettings" name="test_admin_get_settings" time="0.500" /><testcase classname="backend.tests.test_session_features.TestAdminSettings" name="test_admin_update_settings_iban_swift" time="0.378" /><testcase classname="backend.tests.test_session_features.TestActionEligibility" name="test_action_eligibility" time="0.448" /><testcase classname="backend.tests.test_session_features.TestWithdrawalUsesSystemIban" name="test_withdrawal_iban_is_system_default" time="0.474" /><testcase classname="backend.tests.test_session_features.TestSlidingSession" name="test_sliding_session_header" time="0.498" /><testcase classname="backend.tests.test_session_features.TestPWAAssets" name="test_manifest_json" time="0.114" /><testcase classname="backend.tests.test_session_features.TestPWAAssets" name="test_service_worker" time="0.109" /></testsuite></testsuites>