<?xml version="1.0" encoding="utf-8"?><testsuites name="pytest tests"><testsuite name="pytest" errors="0" failures="0" skipped="0" tests="10" time="6.144" timestamp="2026-04-02T11:41:53.008860+00:00" hostname="agent-env-932c716c-76c8-473b-9732-ed402fdee31c"><testcase classname="backend.tests.test_timer_warning_lock.TestTimerWarningAndLockFeatures" name="test_admin_login_success" time="0.690" /><testcase classname="backend.tests.test_timer_warning_lock.TestTimerWarningAndLockFeatures" name="test_get_users_list" time="0.377" /><testcase classname="backend.tests.test_timer_warning_lock.TestTimerWarningAndLockFeatures" name="test_timer_warning_email_requires_timer" time="0.418" /><testcase classname="backend.tests.test_timer_warning_lock.TestTimerWarningAndLockFeatures" name="test_timer_warning_email_success" time="0.654" /><testcase classname="backend.tests.test_timer_warning_lock.TestTimerWarningAndLockFeatures" name="test_lock_account_requires_reason" time="0.412" /><testcase classname="backend.tests.test_timer_warning_lock.TestTimerWarningAndLockFeatures" name="test_lock_account_success" time="0.936" /><testcase classname="backend.tests.test_timer_warning_lock.TestTimerWarningAndLockFeatures" name="test_locked_user_cannot_login" time="1.201" /><testcase classname="backend.tests.test_timer_warning_lock.TestTimerWarningAndLockFeatures" name="test_existing_locked_user_login" time="0.660" /><testcase classname="backend.tests.test_timer_warning_lock.TestTimerWarningAndLockFeatures" name="test_lock_nonexistent_user" time="0.363" /><testcase classname="backend.tests.test_timer_warning_lock.TestTimerWarningAndLockFeatures" name="test_timer_warning_nonexistent_user" time="0.367" /></testsuite></testsuites>